Using pre-set license
Built from '2022.3/staging' branch; Version is '2022.3.7f1 (b16b3b16c7a0) revision 11627323'; Using compiler version '192829333'; Build Type 'Release'
OS: 'Windows 10  (10.0.19045) 64bit Core' Language: 'es' Physical Memory: 16085 MB
BatchMode: 1, IsHumanControllingUs: 0, StartBugReporterOnCrash: 0, Is64bit: 1, IsPro: 1

COMMAND LINE ARGUMENTS:
C:\Program Files\Unity\Hub\Editor\2022.3.7f1\Editor\Unity.exe
-adb2
-batchMode
-noUpm
-name
AssetImportWorker0
-projectPath
C:/Users/samue/OneDrive/Documentos/HapticProyect
-logFile
Logs/AssetImportWorker0.log
-srvPort
58449
Successfully changed project path to: C:/Users/samue/OneDrive/Documentos/HapticProyect
C:/Users/samue/OneDrive/Documentos/HapticProyect
[UnityMemory] Configuration Parameters - Can be set up in boot.config
    "memorysetup-bucket-allocator-granularity=16"
    "memorysetup-bucket-allocator-bucket-count=8"
    "memorysetup-bucket-allocator-block-size=33554432"
    "memorysetup-bucket-allocator-block-count=8"
    "memorysetup-main-allocator-block-size=16777216"
    "memorysetup-thread-allocator-block-size=16777216"
    "memorysetup-gfx-main-allocator-block-size=16777216"
    "memorysetup-gfx-thread-allocator-block-size=16777216"
    "memorysetup-cache-allocator-block-size=4194304"
    "memorysetup-typetree-allocator-block-size=2097152"
    "memorysetup-profiler-bucket-allocator-granularity=16"
    "memorysetup-profiler-bucket-allocator-bucket-count=8"
    "memorysetup-profiler-bucket-allocator-block-size=33554432"
    "memorysetup-profiler-bucket-allocator-block-count=8"
    "memorysetup-profiler-allocator-block-size=16777216"
    "memorysetup-profiler-editor-allocator-block-size=1048576"
    "memorysetup-temp-allocator-size-main=16777216"
    "memorysetup-job-temp-allocator-block-size=2097152"
    "memorysetup-job-temp-allocator-block-size-background=1048576"
    "memorysetup-job-temp-allocator-reduction-small-platforms=262144"
    "memorysetup-allocator-temp-initial-block-size-main=262144"
    "memorysetup-allocator-temp-initial-block-size-worker=262144"
    "memorysetup-temp-allocator-size-background-worker=32768"
    "memorysetup-temp-allocator-size-job-worker=262144"
    "memorysetup-temp-allocator-size-preload-manager=33554432"
    "memorysetup-temp-allocator-size-nav-mesh-worker=65536"
    "memorysetup-temp-allocator-size-audio-worker=65536"
    "memorysetup-temp-allocator-size-cloud-worker=32768"
    "memorysetup-temp-allocator-size-gi-baking-worker=262144"
    "memorysetup-temp-allocator-size-gfx=262144"
Player connection [24668] Host "[IP] 192.168.1.89 [Port] 0 [Flags] 2 [Guid] 3968469065 [EditorId] 3968469065 [Version] 1048832 [Id] WindowsEditor(7,MSI) [Debug] 1 [PackageName] WindowsEditor [ProjectName] Editor" joined multi-casting on [225.0.0.222:54997]...

Player connection [24668] Host "[IP] 192.168.1.89 [Port] 0 [Flags] 2 [Guid] 3968469065 [EditorId] 3968469065 [Version] 1048832 [Id] WindowsEditor(7,MSI) [Debug] 1 [PackageName] WindowsEditor [ProjectName] Editor" joined alternative multi-casting on [225.0.0.222:34997]...

Refreshing native plugins compatible for Editor in 248.00 ms, found 5 plugins.
Preloading 0 native plugins for Editor in 0.00 ms.
Initialize engine version: 2022.3.7f1 (b16b3b16c7a0)
[Subsystems] Discovering subsystems at path C:/Program Files/Unity/Hub/Editor/2022.3.7f1/Editor/Data/Resources/UnitySubsystems
[Subsystems] Discovering subsystems at path C:/Users/samue/OneDrive/Documentos/HapticProyect/Assets
GfxDevice: creating device client; threaded=0; jobified=0
Direct3D:
    Version:  Direct3D 11.0 [level 11.1]
    Renderer: NVIDIA GeForce RTX 3050 Ti Laptop GPU (ID=0x25a0)
    Vendor:   NVIDIA
    VRAM:     3962 MB
    Driver:   31.0.15.5161
Shader 'TextMeshPro/Distance Field Overlay': fallback shader 'TextMeshPro/Mobile/Distance Field' not found
Shader 'TextMeshPro/Distance Field SSD': fallback shader 'TextMeshPro/Mobile/Distance Field' not found
Shader 'TextMeshPro/Distance Field': fallback shader 'TextMeshPro/Mobile/Distance Field' not found
Initialize mono
Mono path[0] = 'C:/Program Files/Unity/Hub/Editor/2022.3.7f1/Editor/Data/Managed'
Mono path[1] = 'C:/Program Files/Unity/Hub/Editor/2022.3.7f1/Editor/Data/MonoBleedingEdge/lib/mono/unityjit-win32'
Mono config path = 'C:/Program Files/Unity/Hub/Editor/2022.3.7f1/Editor/Data/MonoBleedingEdge/etc'
Using monoOptions --debugger-agent=transport=dt_socket,embedding=1,server=y,suspend=n,address=127.0.0.1:56664
Begin MonoManager ReloadAssembly
Registering precompiled unity dll's ...
Register platform support module: C:/Program Files/Unity/Hub/Editor/2022.3.7f1/Editor/Data/PlaybackEngines/AndroidPlayer/UnityEditor.Android.Extensions.dll
Register platform support module: C:/Program Files/Unity/Hub/Editor/2022.3.7f1/Editor/Data/PlaybackEngines/WindowsStandaloneSupport/UnityEditor.WindowsStandalone.Extensions.dll
Registered in 0.112631 seconds.
- Loaded All Assemblies, in  3.419 seconds
Native extension for WindowsStandalone target not found
Native extension for Android target not found
Android Extension - Scanning For ADB Devices 1845 ms
Mono: successfully reloaded assembly
- Finished resetting the current domain, in  3.993 seconds
Domain Reload Profiling: 7363ms
	BeginReloadAssembly (980ms)
		ExecutionOrderSort (0ms)
		DisableScriptedObjects (0ms)
		BackupInstance (0ms)
		ReleaseScriptingObjects (0ms)
		CreateAndSetChildDomain (6ms)
	RebuildCommonClasses (328ms)
	RebuildNativeTypeToScriptingClass (115ms)
	initialDomainReloadingComplete (588ms)
	LoadAllAssembliesAndSetupDomain (1356ms)
		LoadAssemblies (984ms)
		RebuildTransferFunctionScriptingTraits (0ms)
		AnalyzeDomain (1293ms)
			TypeCache.Refresh (1285ms)
				TypeCache.ScanAssembly (1205ms)
			ScanForSourceGeneratedMonoScriptInfo (3ms)
			ResolveRequiredComponents (3ms)
	FinalizeReload (3995ms)
		ReleaseScriptCaches (0ms)
		RebuildScriptCaches (0ms)
		SetupLoadedEditorAssemblies (3587ms)
			LogAssemblyErrors (0ms)
			InitializePlatformSupportModulesInManaged (2596ms)
			SetLoadedEditorAssemblies (22ms)
			RefreshPlugins (0ms)
			BeforeProcessingInitializeOnLoad (13ms)
			ProcessInitializeOnLoadAttributes (681ms)
			ProcessInitializeOnLoadMethodAttributes (273ms)
			AfterProcessingInitializeOnLoad (0ms)
			EditorAssembliesLoaded (1ms)
		ExecutionOrderSort2 (0ms)
		AwakeInstancesAfterBackupRestoration (0ms)
========================================================================
Worker process is ready to serve import requests
Begin MonoManager ReloadAssembly
Symbol file LoadedFromMemory is not a mono symbol file
- Loaded All Assemblies, in  2.552 seconds
Refreshing native plugins compatible for Editor in 58.28 ms, found 5 plugins.
Native extension for WindowsStandalone target not found
Native extension for Android target not found
Package Manager log level set to [2]
[Package Manager] Server::EnsureServerProcessIsRunning -- launch failed, reason: Unity was launched with the -noUpm command-line argument
[Package Manager] UpmClient::Send -- Unable to send message (not connected to UPM process).
[Package Manager] Cannot connect to Unity Package Manager local server
Mono: successfully reloaded assembly
- Finished resetting the current domain, in  2.834 seconds
Domain Reload Profiling: 5373ms
	BeginReloadAssembly (669ms)
		ExecutionOrderSort (0ms)
		DisableScriptedObjects (25ms)
		BackupInstance (0ms)
		ReleaseScriptingObjects (0ms)
		CreateAndSetChildDomain (76ms)
	RebuildCommonClasses (153ms)
	RebuildNativeTypeToScriptingClass (34ms)
	initialDomainReloadingComplete (144ms)
	LoadAllAssembliesAndSetupDomain (1537ms)
		LoadAssemblies (1330ms)
		RebuildTransferFunctionScriptingTraits (0ms)
		AnalyzeDomain (595ms)
			TypeCache.Refresh (500ms)
				TypeCache.ScanAssembly (423ms)
			ScanForSourceGeneratedMonoScriptInfo (70ms)
			ResolveRequiredComponents (23ms)
	FinalizeReload (2837ms)
		ReleaseScriptCaches (0ms)
		RebuildScriptCaches (0ms)
		SetupLoadedEditorAssemblies (2097ms)
			LogAssemblyErrors (0ms)
			InitializePlatformSupportModulesInManaged (150ms)
			SetLoadedEditorAssemblies (18ms)
			RefreshPlugins (0ms)
			BeforeProcessingInitializeOnLoad (294ms)
			ProcessInitializeOnLoadAttributes (1024ms)
			ProcessInitializeOnLoadMethodAttributes (569ms)
			AfterProcessingInitializeOnLoad (40ms)
			EditorAssembliesLoaded (1ms)
		ExecutionOrderSort2 (0ms)
		AwakeInstancesAfterBackupRestoration (26ms)
Launched and connected shader compiler UnityShaderCompiler.exe after 0.16 seconds
Refreshing native plugins compatible for Editor in 101.14 ms, found 5 plugins.
Preloading 0 native plugins for Editor in 0.00 ms.
Unloading 3105 Unused Serialized files (Serialized files now loaded: 0)
Unloading 79 unused Assets / (212.6 KB). Loaded Objects now: 3534.
Memory consumption went from 130.0 MB to 129.8 MB.
Total: 43.294200 ms (FindLiveObjects: 0.993200 ms CreateObjectMapping: 0.614400 ms MarkObjects: 40.396300 ms  DeleteObjects: 1.284600 ms)

AssetImportParameters requested are different than current active one (requested -> active):
  custom:video-decoder-webm-vp8: 9c59270c3fd7afecdb556c50c9e8de78 -> 
  custom:SearchIndexIgnoredProperties: e643bd26f0fe6173181afceb89e7c659 -> 
  custom:container-demuxer-ogg: 62fdf1f143b41e24485cea50d1cbac27 -> 
  custom:AudioImporter_EditorPlatform: d09bf68614088b80899f8185d706f6e7 -> 
  custom:video-decoder-ogg-theora: a1e56fd34408186e4bbccfd4996cb3dc -> 
  custom:framework-win-MediaFoundation: 216162199b28c13a410421893ffa2e32 -> 
  custom:video-encoder-webm-vp8: eb34c28f22e8b96e1ab97ce403110664 -> 
  custom:audio-decoder-ogg-vorbis: bf7c407c2cedff20999df2af8eb42d56 -> 
  custom:CustomObjectIndexerAttribute: 756ad292c208cfabdd7b50bc23989ffe -> 
  custom:container-demuxer-webm: 4f35f7cbe854078d1ac9338744f61a02 -> 
  custom:audio-encoder-webm-vorbis: bf7c407c2cedff20999df2af8eb42d56 -> 
  custom:container-muxer-webm: aa71ff27fc2769a1b78a27578f13a17b -> 
========================================================================
Received Import Request.
  Time since last request: 435280.607568 seconds.
  path: Assets/Scenes/Canvas.prefab
  artifactKey: Guid(9ad40578a8b0c994faabffe34ed97b39) Importer(815301076,1909f56bfc062723c751e8b465ee728b)
Start importing Assets/Scenes/Canvas.prefab using Guid(9ad40578a8b0c994faabffe34ed97b39) Importer(815301076,1909f56bfc062723c751e8b465ee728b)  -> (artifact id: '661a082c31f2ee2b02a1b8a74adda95e') in 0.255396 seconds
Number of updated asset objects reloaded before import = 0
Number of asset objects unloaded after import = 178
========================================================================
Received Import Request.
  Time since last request: 0.000078 seconds.
  path: Assets/polea.fbx
  artifactKey: Guid(c958ec2cce5a1754687b6271a5a9fa16) Importer(815301076,1909f56bfc062723c751e8b465ee728b)
Start importing Assets/polea.fbx using Guid(c958ec2cce5a1754687b6271a5a9fa16) Importer(815301076,1909f56bfc062723c751e8b465ee728b)  -> (artifact id: '795f8ccf9a58fff38bda529485f8fe24') in 1.823860 seconds
Number of updated asset objects reloaded before import = 0
Number of asset objects unloaded after import = 25
========================================================================
Received Import Request.
  Time since last request: 5.456330 seconds.
  path: Assets/Scenes/01 - EnvironmentalEffect.unity
  artifactKey: Guid(8bd66cf6d1d310a4f965ddbf62e0ad5e) Importer(815301076,1909f56bfc062723c751e8b465ee728b)
Start importing Assets/Scenes/01 - EnvironmentalEffect.unity using Guid(8bd66cf6d1d310a4f965ddbf62e0ad5e) Importer(815301076,1909f56bfc062723c751e8b465ee728b)  -> (artifact id: '6ab0108ef3029f7bc15c8afd863b3e70') in 0.002638 seconds
Number of updated asset objects reloaded before import = 0
Number of asset objects unloaded after import = 0
========================================================================
Received Import Request.
  Time since last request: 32.760699 seconds.
  path: Assets/Obi/Editor
  artifactKey: Guid(e6a2fba791f6c4b47bc16c7ca402f017) Importer(815301076,1909f56bfc062723c751e8b465ee728b)
Start importing Assets/Obi/Editor using Guid(e6a2fba791f6c4b47bc16c7ca402f017) Importer(815301076,1909f56bfc062723c751e8b465ee728b)  -> (artifact id: '07a91ef161d9c04c7f33e91232ff750a') in 0.000956 seconds
Number of updated asset objects reloaded before import = 0
Number of asset objects unloaded after import = 0
========================================================================
Received Import Request.
  Time since last request: 0.038228 seconds.
  path: Assets/Obi/Editor/Obi.Editor.asmdef
  artifactKey: Guid(8682a0274feb8b74e9392a7d492a9fa4) Importer(815301076,1909f56bfc062723c751e8b465ee728b)
Start importing Assets/Obi/Editor/Obi.Editor.asmdef using Guid(8682a0274feb8b74e9392a7d492a9fa4) Importer(815301076,1909f56bfc062723c751e8b465ee728b)  -> (artifact id: 'b69af6df9800a678bee7d9c3cfe69f30') in 0.000895 seconds
Number of updated asset objects reloaded before import = 0
Number of asset objects unloaded after import = 0
========================================================================
Received Import Request.
  Time since last request: 7.478477 seconds.
  path: Assets/Obi/Editor/Cloth
  artifactKey: Guid(b9f800b0a0549014bb2c0c25074c5518) Importer(815301076,1909f56bfc062723c751e8b465ee728b)
Start importing Assets/Obi/Editor/Cloth using Guid(b9f800b0a0549014bb2c0c25074c5518) Importer(815301076,1909f56bfc062723c751e8b465ee728b)  -> (artifact id: '402704d0c13130172bbbc396c056cc39') in 0.000896 seconds
Number of updated asset objects reloaded before import = 0
Number of asset objects unloaded after import = 0
========================================================================
Received Import Request.
  Time since last request: 1.752451 seconds.
  path: Assets/Obi/Editor/Cloth/Blueprints
  artifactKey: Guid(5f3b924732a4a81418179f9005fb0dbf) Importer(815301076,1909f56bfc062723c751e8b465ee728b)
Start importing Assets/Obi/Editor/Cloth/Blueprints using Guid(5f3b924732a4a81418179f9005fb0dbf) Importer(815301076,1909f56bfc062723c751e8b465ee728b)  -> (artifact id: 'b8ba020e7edeb74af2c1bc53ad889aad') in 0.002264 seconds
Number of updated asset objects reloaded before import = 0
Number of asset objects unloaded after import = 0
========================================================================
Received Import Request.
  Time since last request: 716.327474 seconds.
  path: Assets/Prefabs
  artifactKey: Guid(a773f8dc2af401a4da89f4604c552963) Importer(815301076,1909f56bfc062723c751e8b465ee728b)
Start importing Assets/Prefabs using Guid(a773f8dc2af401a4da89f4604c552963) Importer(815301076,1909f56bfc062723c751e8b465ee728b)  -> (artifact id: '3218b6fd99fb49a42c29712c1be9508e') in 0.001595 seconds
Number of updated asset objects reloaded before import = 0
Number of asset objects unloaded after import = 0
========================================================================
Received Import Request.
  Time since last request: 0.043713 seconds.
  path: Assets/Prefabs/Haptic Device.prefab
  artifactKey: Guid(f933e1c0834714543a1611423e9bedd1) Importer(815301076,1909f56bfc062723c751e8b465ee728b)
Start importing Assets/Prefabs/Haptic Device.prefab using Guid(f933e1c0834714543a1611423e9bedd1) Importer(815301076,1909f56bfc062723c751e8b465ee728b)  -> (artifact id: 'f62d8e7df6c4d9ca86bc0e08a3c31648') in 0.054885 seconds
Number of updated asset objects reloaded before import = 0
Number of asset objects unloaded after import = 13
========================================================================
Received Import Request.
  Time since last request: 20.926432 seconds.
  path: Assets/Scenes/CanvasPhysics.prefab
  artifactKey: Guid(9b45aa9c5e291204ba2b21d3ffae36df) Importer(815301076,1909f56bfc062723c751e8b465ee728b)
Start importing Assets/Scenes/CanvasPhysics.prefab using Guid(9b45aa9c5e291204ba2b21d3ffae36df) Importer(815301076,1909f56bfc062723c751e8b465ee728b)  -> (artifact id: '73be4a87d3bc2ed9cc9a64da3ef52010') in 0.008588 seconds
Number of updated asset objects reloaded before import = 0
Number of asset objects unloaded after import = 65
========================================================================
Received Import Request.
  Time since last request: 31.858426 seconds.
  path: Assets/Scenes/CanvasPhysicsLore.prefab
  artifactKey: Guid(e865e83b5c9af6b4587dc9f364aab854) Importer(815301076,1909f56bfc062723c751e8b465ee728b)
Start importing Assets/Scenes/CanvasPhysicsLore.prefab using Guid(e865e83b5c9af6b4587dc9f364aab854) Importer(815301076,1909f56bfc062723c751e8b465ee728b)  -> (artifact id: '69c9da1504a5d7c866f7ed1fa12ec0c1') in 0.006814 seconds
Number of updated asset objects reloaded before import = 0
Number of asset objects unloaded after import = 115
========================================================================
Received Import Request.
  Time since last request: 33.266757 seconds.
  path: Assets/Prefabs/CanvasPhysicsLore.prefab
  artifactKey: Guid(e865e83b5c9af6b4587dc9f364aab854) Importer(815301076,1909f56bfc062723c751e8b465ee728b)
Start importing Assets/Prefabs/CanvasPhysicsLore.prefab using Guid(e865e83b5c9af6b4587dc9f364aab854) Importer(815301076,1909f56bfc062723c751e8b465ee728b)  -> (artifact id: '967e72e6a30a03be415b60444e3f1703') in 0.007931 seconds
Number of updated asset objects reloaded before import = 0
Number of asset objects unloaded after import = 115
========================================================================
Received Import Request.
  Time since last request: 250.740715 seconds.
  path: Assets/Sprite/circleSprite.png
  artifactKey: Guid(22884a12893dd854c9e00309ec6376c2) Importer(815301076,1909f56bfc062723c751e8b465ee728b)
Start importing Assets/Sprite/circleSprite.png using Guid(22884a12893dd854c9e00309ec6376c2) Importer(815301076,1909f56bfc062723c751e8b465ee728b)  -> (artifact id: '66d048e64b29a07c7c6812c4c11588e8') in 0.104482 seconds
Number of updated asset objects reloaded before import = 0
Number of asset objects unloaded after import = 3
========================================================================
Received Import Request.
  Time since last request: 2099.735528 seconds.
  path: Assets/Prefabs/Canvas.prefab
  artifactKey: Guid(211592c8d0bfcbd4db6f746d0d854091) Importer(815301076,1909f56bfc062723c751e8b465ee728b)
Start importing Assets/Prefabs/Canvas.prefab using Guid(211592c8d0bfcbd4db6f746d0d854091) Importer(815301076,1909f56bfc062723c751e8b465ee728b)  -> (artifact id: '126d52f75d8c570b6cde4abbd8462862') in 0.016193 seconds
Number of updated asset objects reloaded before import = 0
Number of asset objects unloaded after import = 111
========================================================================
Received Import Request.
  Time since last request: 21.313050 seconds.
  path: Assets/Prefabs/MasterCanvas.prefab
  artifactKey: Guid(290d04331fa7a4149a1ae8b7e8b42820) Importer(815301076,1909f56bfc062723c751e8b465ee728b)
Start importing Assets/Prefabs/MasterCanvas.prefab using Guid(290d04331fa7a4149a1ae8b7e8b42820) Importer(815301076,1909f56bfc062723c751e8b465ee728b)  -> (artifact id: 'c107d183038e06be29320e5516f0ad1f') in 0.009512 seconds
Number of updated asset objects reloaded before import = 0
Number of asset objects unloaded after import = 111
